{
  "stats": {
    "suites": 4,
    "tests": 3,
    "passes": 3,
    "pending": 0,
    "failures": 0,
    "start": "2026-03-20T14:40:30.303Z",
    "end": "2026-03-20T14:40:30.777Z",
    "duration": 474,
    "testsRegistered": 3,
    "passPercent": 100,
    "pendingPercent": 0,
    "other": 0,
    "hasOther": false,
    "skipped": 0,
    "hasSkipped": false
  },
  "results": [
    {
      "uuid": "64788d86-ad20-4a18-96a6-420761b5b9bf",
      "title": "",
      "fullFile": "",
      "file": "",
      "beforeHooks": [],
      "afterHooks": [],
      "tests": [],
      "suites": [
        {
          "uuid": "5367633f-8cd5-4a4e-8eeb-b12456c7372b",
          "title": "Login Test",
          "fullFile": "C:\\Users\\User\\workspace02\\JL\\banco_api_test\\test\\login.test.js",
          "file": "\\test\\login.test.js",
          "beforeHooks": [],
          "afterHooks": [],
          "tests": [],
          "suites": [
            {
              "uuid": "f6746595-6a09-4311-ab6c-98edf75c3cbb",
              "title": "POST /login",
              "fullFile": "C:\\Users\\User\\workspace02\\JL\\banco_api_test\\test\\login.test.js",
              "file": "\\test\\login.test.js",
              "beforeHooks": [],
              "afterHooks": [],
              "tests": [
                {
                  "title": "Deve retornar 200 com um token em string ",
                  "fullTitle": "Login Test POST /login Deve retornar 200 com um token em string ",
                  "timedOut": false,
                  "duration": 132,
                  "state": "passed",
                  "speed": "slow",
                  "pass": true,
                  "fail": false,
                  "pending": false,
                  "context": null,
                  "code": "const bodyLogin = {...postLogin}\nconst resposta = await request(process.env.BASE_URL)\n.post('/login')\n.set('Content-Type', 'application/json')\n.send(bodyLogin)\nexpect(resposta.status).to.equal(200);\nexpect(resposta.body.token).to.be.a('string');",
                  "err": {},
                  "uuid": "1b3b3876-22fc-4cb1-a1af-ddb749b6ef8e",
                  "parentUUID": "f6746595-6a09-4311-ab6c-98edf75c3cbb",
                  "isHook": false,
                  "skipped": false
                }
              ],
              "suites": [],
              "passes": [
                "1b3b3876-22fc-4cb1-a1af-ddb749b6ef8e"
              ],
              "failures": [],
              "pending": [],
              "skipped": [],
              "duration": 132,
              "root": false,
              "rootEmpty": false,
              "_timeout": 20000
            }
          ],
          "passes": [],
          "failures": [],
          "pending": [],
          "skipped": [],
          "duration": 0,
          "root": false,
          "rootEmpty": false,
          "_timeout": 20000
        },
        {
          "uuid": "f6767b80-ee06-4918-b4c9-f2e1ed9a3aef",
          "title": "Transferencias",
          "fullFile": "C:\\Users\\User\\workspace02\\JL\\banco_api_test\\test\\transferencia.test.js",
          "file": "\\test\\transferencia.test.js",
          "beforeHooks": [],
          "afterHooks": [],
          "tests": [],
          "suites": [
            {
              "uuid": "1d5f882d-ef8d-4366-a5f7-cbdbd98ffea3",
              "title": "POST /transferencias",
              "fullFile": "C:\\Users\\User\\workspace02\\JL\\banco_api_test\\test\\transferencia.test.js",
              "file": "\\test\\transferencia.test.js",
              "beforeHooks": [
                {
                  "title": "\"before each\" hook in \"POST /transferencias\"",
                  "fullTitle": "Transferencias POST /transferencias \"before each\" hook in \"POST /transferencias\"",
                  "timedOut": false,
                  "duration": 55,
                  "state": null,
                  "speed": null,
                  "pass": false,
                  "fail": false,
                  "pending": false,
                  "context": null,
                  "code": "token = await obterToken('julio.lima', '123456')",
                  "err": {},
                  "uuid": "98270187-afdb-4578-9c3c-fd0d17e87584",
                  "parentUUID": "1d5f882d-ef8d-4366-a5f7-cbdbd98ffea3",
                  "isHook": true,
                  "skipped": false
                }
              ],
              "afterHooks": [],
              "tests": [
                {
                  "title": "Deve retornar sucesso 201 quando o valor da transferência for maior ou igual a 10.00",
                  "fullTitle": "Transferencias POST /transferencias Deve retornar sucesso 201 quando o valor da transferência for maior ou igual a 10.00",
                  "timedOut": false,
                  "duration": 203,
                  "state": "passed",
                  "speed": "slow",
                  "pass": true,
                  "fail": false,
                  "pending": false,
                  "context": null,
                  "code": "const bodyTransferencia = {...postTransferencia}\nconst resposta = await request(process.env.BASE_URL)\n.post('/transferencias')\n.set('Content-Type', 'application/json')\n.set('Authorization', `Bearer ${token}`)\n.send(bodyTransferencia)\nexpect(resposta.status).to.equal(201)\nconsole.log(resposta.body)",
                  "err": {},
                  "uuid": "501d7fad-6d8b-483a-9268-4fe0189f0d1e",
                  "parentUUID": "1d5f882d-ef8d-4366-a5f7-cbdbd98ffea3",
                  "isHook": false,
                  "skipped": false
                },
                {
                  "title": "Deve retornar falha 422 quando o valor da transferência for menor que 10.00",
                  "fullTitle": "Transferencias POST /transferencias Deve retornar falha 422 quando o valor da transferência for menor que 10.00",
                  "timedOut": false,
                  "duration": 18,
                  "state": "passed",
                  "speed": "fast",
                  "pass": true,
                  "fail": false,
                  "pending": false,
                  "context": null,
                  "code": "const bodyTransferencia = {...postTransferencia}\nbodyTransferencia.valor = 7\nconst resposta = await request(process.env.BASE_URL)\n.post('/transferencias')\n.set('Content-Type', 'application/json')\n.set('Authorization', `Bearer ${token}`)\n.send(bodyTransferencia)\nexpect(resposta.status).to.equal(422)\nconsole.log(resposta.body)",
                  "err": {},
                  "uuid": "a9e7d78f-6627-44b9-86b5-af4935ee0ec9",
                  "parentUUID": "1d5f882d-ef8d-4366-a5f7-cbdbd98ffea3",
                  "isHook": false,
                  "skipped": false
                }
              ],
              "suites": [],
              "passes": [
                "501d7fad-6d8b-483a-9268-4fe0189f0d1e",
                "a9e7d78f-6627-44b9-86b5-af4935ee0ec9"
              ],
              "failures": [],
              "pending": [],
              "skipped": [],
              "duration": 221,
              "root": false,
              "rootEmpty": false,
              "_timeout": 20000
            }
          ],
          "passes": [],
          "failures": [],
          "pending": [],
          "skipped": [],
          "duration": 0,
          "root": false,
          "rootEmpty": false,
          "_timeout": 20000
        }
      ],
      "passes": [],
      "failures": [],
      "pending": [],
      "skipped": [],
      "duration": 0,
      "root": true,
      "rootEmpty": true,
      "_timeout": 20000
    }
  ],
  "meta": {
    "mocha": {
      "version": "11.7.5"
    },
    "mochawesome": {
      "options": {
        "quiet": false,
        "reportFilename": "mochawesome",
        "saveHtml": true,
        "saveJson": true,
        "consoleReporter": "spec",
        "useInlineDiffs": false,
        "code": true
      },
      "version": "7.1.4"
    },
    "marge": {
      "options": null,
      "version": "6.3.2"
    }
  }
}